Solid Edge Translation to STL
Date: Tuesday,January 30,2024 03:56PM
Source File:D:\dev\NyeViking\CAD\console\Base2.par
Source System: SOLID EDGE

Hardware:
Processor: Intel(R) Core(TM) i9-9900K CPU @ 3.60GHz
Operating System: Windows 10 Professional
Installed Memory: 63.94 GB

Software Information:
Parasolid Version: 36.0.142
PSBodyshop Version: 36.0.108
STL Adapter Version: 13.0.193
Solid Edge Version: 224.00.00.101 x64

STL Export Options:
Output File Format:BINARY
Export Displayed Parts:Off
structureOption: Monolithic
Export Units:Millimeter
Export Tolerance Value:0.001000
Export Tolerance Type:Fine
Export Surface Plane Angle Value:0.523599

Translation progress:
Translation process completed
Time required to translate:00 : 00 : 01
